DEB [20230831-16:08:27.600] thr=1   paramiko.transport: starting thread (client mode): 0x7fd7a7c0
DEB [20230831-16:08:27.600] thr=1   paramiko.transport: Local version/idstring: SSH-2.0-paramiko_2.8.1
DEB [20230831-16:08:27.614] thr=1   paramiko.transport: Remote version/idstring: SSH-2.0-OpenSSH_7.4
INF [20230831-16:08:27.615] thr=1   paramiko.transport: Connected (version 2.0, client OpenSSH_7.4)
DEB [20230831-16:08:27.620] thr=1   paramiko.transport: kex algos:['curve25519-sha256', 'curve25519-sha256@libssh.org', 'ecdh-sha2-nistp256', 'ecdh-sha2-nistp384', 'ecdh-sha2-nistp521', 'diffie-hellman-group-exchange-sha256', 'diffie-hellman-group16-sha512', 'diffie-hellman-group18-sha512', 'diffie-hellman-group-exchange-sha1', 'diffie-hellman-group14-sha256', 'diffie-hellman-group14-sha1', 'diffie-hellman-group1-sha1'] server key:['ssh-rsa', 'rsa-sha2-512', 'rsa-sha2-256', 'ecdsa-sha2-nistp256', 'ssh-ed25519'] client encrypt:['chacha20-poly1305@openssh.com', 'aes128-ctr', 'aes192-ctr', 'aes256-ctr', 'aes128-gcm@openssh.com', 'aes256-gcm@openssh.com', 'aes128-cbc', 'aes192-cbc', 'aes256-cbc', 'blowfish-cbc', 'cast128-cbc', '3des-cbc'] server encrypt:['chacha20-poly1305@openssh.com', 'aes128-ctr', 'aes192-ctr', 'aes256-ctr', 'aes128-gcm@openssh.com', 'aes256-gcm@openssh.com', 'aes128-cbc', 'aes192-cbc', 'aes256-cbc', 'blowfish-cbc', 'cast128-cbc', '3des-cbc'] client mac:['umac-64-etm@openssh.com', 'umac-128-etm@openssh.com', 'hmac-sha2-256-etm@openssh.com', 'hmac-sha2-512-etm@openssh.com', 'hmac-sha1-etm@openssh.com', 'umac-64@openssh.com', 'umac-128@openssh.com', 'hmac-sha2-256', 'hmac-sha2-512', 'hmac-sha1'] server mac:['umac-64-etm@openssh.com', 'umac-128-etm@openssh.com', 'hmac-sha2-256-etm@openssh.com', 'hmac-sha2-512-etm@openssh.com', 'hmac-sha1-etm@openssh.com', 'umac-64@openssh.com', 'umac-128@openssh.com', 'hmac-sha2-256', 'hmac-sha2-512', 'hmac-sha1'] client compress:['none', 'zlib@openssh.com'] server compress:['none', 'zlib@openssh.com'] client lang:[''] server lang:[''] kex follows?False
DEB [20230831-16:08:27.621] thr=1   paramiko.transport: Kex agreed: curve25519-sha256@libssh.org
DEB [20230831-16:08:27.621] thr=1   paramiko.transport: HostKey agreed: ssh-ed25519
DEB [20230831-16:08:27.621] thr=1   paramiko.transport: Cipher agreed: aes128-ctr
DEB [20230831-16:08:27.621] thr=1   paramiko.transport: MAC agreed: hmac-sha2-256
DEB [20230831-16:08:27.621] thr=1   paramiko.transport: Compression agreed: none
DEB [20230831-16:08:27.631] thr=1   paramiko.transport: kex engine KexCurve25519 specified hash_algo <built-in function openssl_sha256>
DEB [20230831-16:08:27.631] thr=1   paramiko.transport: Switch to new keys ...
DEB [20230831-16:08:27.631] thr=2   paramiko.transport: Attempting password auth...
DEB [20230831-16:08:27.677] thr=1   paramiko.transport: userauth is OK
INF [20230831-16:08:27.787] thr=1   paramiko.transport: Authentication (password) successful!
DEB [20230831-16:08:27.787] thr=2   paramiko.transport: [chan 0] Max packet in: 32768 bytes
DEB [20230831-16:08:27.795] thr=1   paramiko.transport: Received global request "hostkeys-00@openssh.com"
DEB [20230831-16:08:27.795] thr=1   paramiko.transport: Rejecting "hostkeys-00@openssh.com" global request from server.
DEB [20230831-16:08:27.847] thr=1   paramiko.transport: [chan 0] Max packet out: 32768 bytes
DEB [20230831-16:08:27.847] thr=1   paramiko.transport: Secsh channel 0 opened.
DEB [20230831-16:08:27.852] thr=1   paramiko.transport: [chan 0] Sesch channel 0 request ok
INF [20230831-16:08:27.857] thr=2   paramiko.transport.sftp: [chan 0] Opened sftp connection (server version 3)
INF [20230831-16:08:28.970] thr=2   paramiko.transport.sftp: [chan 0] sftp session closed.
DEB [20230831-16:08:28.970] thr=2   paramiko.transport: [chan 0] EOF sent (0)
DEB [20230831-16:08:28.971] thr=1   paramiko.transport: EOF in transport thread
DEB [20230831-16:13:31.028] thr=3   paramiko.transport: starting thread (client mode): 0x7fe28e80
DEB [20230831-16:13:31.028] thr=3   paramiko.transport: Local version/idstring: SSH-2.0-paramiko_2.8.1
DEB [20230831-16:13:31.037] thr=3   paramiko.transport: Remote version/idstring: SSH-2.0-OpenSSH_7.4
INF [20230831-16:13:31.038] thr=3   paramiko.transport: Connected (version 2.0, client OpenSSH_7.4)
DEB [20230831-16:13:31.043] thr=3   paramiko.transport: kex algos:['curve25519-sha256', 'curve25519-sha256@libssh.org', 'ecdh-sha2-nistp256', 'ecdh-sha2-nistp384', 'ecdh-sha2-nistp521', 'diffie-hellman-group-exchange-sha256', 'diffie-hellman-group16-sha512', 'diffie-hellman-group18-sha512', 'diffie-hellman-group-exchange-sha1', 'diffie-hellman-group14-sha256', 'diffie-hellman-group14-sha1', 'diffie-hellman-group1-sha1'] server key:['ssh-rsa', 'rsa-sha2-512', 'rsa-sha2-256', 'ecdsa-sha2-nistp256', 'ssh-ed25519'] client encrypt:['chacha20-poly1305@openssh.com', 'aes128-ctr', 'aes192-ctr', 'aes256-ctr', 'aes128-gcm@openssh.com', 'aes256-gcm@openssh.com', 'aes128-cbc', 'aes192-cbc', 'aes256-cbc', 'blowfish-cbc', 'cast128-cbc', '3des-cbc'] server encrypt:['chacha20-poly1305@openssh.com', 'aes128-ctr', 'aes192-ctr', 'aes256-ctr', 'aes128-gcm@openssh.com', 'aes256-gcm@openssh.com', 'aes128-cbc', 'aes192-cbc', 'aes256-cbc', 'blowfish-cbc', 'cast128-cbc', '3des-cbc'] client mac:['umac-64-etm@openssh.com', 'umac-128-etm@openssh.com', 'hmac-sha2-256-etm@openssh.com', 'hmac-sha2-512-etm@openssh.com', 'hmac-sha1-etm@openssh.com', 'umac-64@openssh.com', 'umac-128@openssh.com', 'hmac-sha2-256', 'hmac-sha2-512', 'hmac-sha1'] server mac:['umac-64-etm@openssh.com', 'umac-128-etm@openssh.com', 'hmac-sha2-256-etm@openssh.com', 'hmac-sha2-512-etm@openssh.com', 'hmac-sha1-etm@openssh.com', 'umac-64@openssh.com', 'umac-128@openssh.com', 'hmac-sha2-256', 'hmac-sha2-512', 'hmac-sha1'] client compress:['none', 'zlib@openssh.com'] server compress:['none', 'zlib@openssh.com'] client lang:[''] server lang:[''] kex follows?False
DEB [20230831-16:13:31.043] thr=3   paramiko.transport: Kex agreed: curve25519-sha256@libssh.org
DEB [20230831-16:13:31.043] thr=3   paramiko.transport: HostKey agreed: ssh-ed25519
DEB [20230831-16:13:31.043] thr=3   paramiko.transport: Cipher agreed: aes128-ctr
DEB [20230831-16:13:31.043] thr=3   paramiko.transport: MAC agreed: hmac-sha2-256
DEB [20230831-16:13:31.043] thr=3   paramiko.transport: Compression agreed: none
DEB [20230831-16:13:31.053] thr=3   paramiko.transport: kex engine KexCurve25519 specified hash_algo <built-in function openssl_sha256>
DEB [20230831-16:13:31.054] thr=3   paramiko.transport: Switch to new keys ...
DEB [20230831-16:13:31.054] thr=2   paramiko.transport: Attempting password auth...
DEB [20230831-16:13:31.100] thr=3   paramiko.transport: userauth is OK
INF [20230831-16:13:31.195] thr=3   paramiko.transport: Authentication (password) successful!
DEB [20230831-16:13:31.196] thr=2   paramiko.transport: [chan 0] Max packet in: 32768 bytes
DEB [20230831-16:13:31.203] thr=3   paramiko.transport: Received global request "hostkeys-00@openssh.com"
DEB [20230831-16:13:31.203] thr=3   paramiko.transport: Rejecting "hostkeys-00@openssh.com" global request from server.
DEB [20230831-16:13:31.247] thr=3   paramiko.transport: [chan 0] Max packet out: 32768 bytes
DEB [20230831-16:13:31.247] thr=3   paramiko.transport: Secsh channel 0 opened.
DEB [20230831-16:13:31.252] thr=3   paramiko.transport: [chan 0] Sesch channel 0 request ok
INF [20230831-16:13:31.256] thr=2   paramiko.transport.sftp: [chan 0] Opened sftp connection (server version 3)
DEB [20230831-16:13:31.278] thr=2   paramiko.transport.sftp: [chan 0] stat(b'/care_assistance/BCI_a_CAREASSIST/PRODUCCION/VentaCARE_ASSISTANCE_31082023.xlsx')
DEB [20230831-16:13:31.288] thr=2   paramiko.transport.sftp: [chan 0] open(b'/care_assistance/BCI_a_CAREASSIST/PRODUCCION/VentaCARE_ASSISTANCE_31082023.xlsx', 'rb')
DEB [20230831-16:13:31.292] thr=2   paramiko.transport.sftp: [chan 0] open(b'/care_assistance/BCI_a_CAREASSIST/PRODUCCION/VentaCARE_ASSISTANCE_31082023.xlsx', 'rb') -> 00000000
DEB [20230831-16:13:31.411] thr=2   paramiko.transport.sftp: [chan 0] close(00000000)
INF [20230831-16:13:31.491] thr=2   paramiko.transport.sftp: [chan 0] sftp session closed.
DEB [20230831-16:13:31.491] thr=2   paramiko.transport: [chan 0] EOF sent (0)
DEB [20230831-16:13:31.493] thr=3   paramiko.transport: EOF in transport thread
DEB [20230831-16:15:03.784] thr=4   paramiko.transport: starting thread (client mode): 0x7fe28880
DEB [20230831-16:15:03.784] thr=4   paramiko.transport: Local version/idstring: SSH-2.0-paramiko_2.8.1
DEB [20230831-16:15:03.795] thr=4   paramiko.transport: Remote version/idstring: SSH-2.0-OpenSSH_7.4
INF [20230831-16:15:03.795] thr=4   paramiko.transport: Connected (version 2.0, client OpenSSH_7.4)
DEB [20230831-16:15:03.801] thr=4   paramiko.transport: kex algos:['curve25519-sha256', 'curve25519-sha256@libssh.org', 'ecdh-sha2-nistp256', 'ecdh-sha2-nistp384', 'ecdh-sha2-nistp521', 'diffie-hellman-group-exchange-sha256', 'diffie-hellman-group16-sha512', 'diffie-hellman-group18-sha512', 'diffie-hellman-group-exchange-sha1', 'diffie-hellman-group14-sha256', 'diffie-hellman-group14-sha1', 'diffie-hellman-group1-sha1'] server key:['ssh-rsa', 'rsa-sha2-512', 'rsa-sha2-256', 'ecdsa-sha2-nistp256', 'ssh-ed25519'] client encrypt:['chacha20-poly1305@openssh.com', 'aes128-ctr', 'aes192-ctr', 'aes256-ctr', 'aes128-gcm@openssh.com', 'aes256-gcm@openssh.com', 'aes128-cbc', 'aes192-cbc', 'aes256-cbc', 'blowfish-cbc', 'cast128-cbc', '3des-cbc'] server encrypt:['chacha20-poly1305@openssh.com', 'aes128-ctr', 'aes192-ctr', 'aes256-ctr', 'aes128-gcm@openssh.com', 'aes256-gcm@openssh.com', 'aes128-cbc', 'aes192-cbc', 'aes256-cbc', 'blowfish-cbc', 'cast128-cbc', '3des-cbc'] client mac:['umac-64-etm@openssh.com', 'umac-128-etm@openssh.com', 'hmac-sha2-256-etm@openssh.com', 'hmac-sha2-512-etm@openssh.com', 'hmac-sha1-etm@openssh.com', 'umac-64@openssh.com', 'umac-128@openssh.com', 'hmac-sha2-256', 'hmac-sha2-512', 'hmac-sha1'] server mac:['umac-64-etm@openssh.com', 'umac-128-etm@openssh.com', 'hmac-sha2-256-etm@openssh.com', 'hmac-sha2-512-etm@openssh.com', 'hmac-sha1-etm@openssh.com', 'umac-64@openssh.com', 'umac-128@openssh.com', 'hmac-sha2-256', 'hmac-sha2-512', 'hmac-sha1'] client compress:['none', 'zlib@openssh.com'] server compress:['none', 'zlib@openssh.com'] client lang:[''] server lang:[''] kex follows?False
DEB [20230831-16:15:03.801] thr=4   paramiko.transport: Kex agreed: curve25519-sha256@libssh.org
DEB [20230831-16:15:03.801] thr=4   paramiko.transport: HostKey agreed: ssh-ed25519
DEB [20230831-16:15:03.801] thr=4   paramiko.transport: Cipher agreed: aes128-ctr
DEB [20230831-16:15:03.801] thr=4   paramiko.transport: MAC agreed: hmac-sha2-256
DEB [20230831-16:15:03.801] thr=4   paramiko.transport: Compression agreed: none
DEB [20230831-16:15:03.813] thr=4   paramiko.transport: kex engine KexCurve25519 specified hash_algo <built-in function openssl_sha256>
DEB [20230831-16:15:03.813] thr=4   paramiko.transport: Switch to new keys ...
DEB [20230831-16:15:03.813] thr=2   paramiko.transport: Attempting password auth...
DEB [20230831-16:15:03.860] thr=4   paramiko.transport: userauth is OK
INF [20230831-16:15:03.893] thr=4   paramiko.transport: Authentication (password) successful!
DEB [20230831-16:15:03.894] thr=2   paramiko.transport: [chan 0] Max packet in: 32768 bytes
DEB [20230831-16:15:03.912] thr=4   paramiko.transport: Received global request "hostkeys-00@openssh.com"
DEB [20230831-16:15:03.912] thr=4   paramiko.transport: Rejecting "hostkeys-00@openssh.com" global request from server.
DEB [20230831-16:15:03.965] thr=4   paramiko.transport: [chan 0] Max packet out: 32768 bytes
DEB [20230831-16:15:03.966] thr=4   paramiko.transport: Secsh channel 0 opened.
DEB [20230831-16:15:03.970] thr=4   paramiko.transport: [chan 0] Sesch channel 0 request ok
INF [20230831-16:15:03.975] thr=2   paramiko.transport.sftp: [chan 0] Opened sftp connection (server version 3)
DEB [20230831-16:15:04.000] thr=2   paramiko.transport.sftp: [chan 0] stat(b'/care_assistance/BCI_a_CAREASSIST/PRODUCCION/VentaCARE_ASSISTANCE_31082023.xlsx')
DEB [20230831-16:15:04.003] thr=2   paramiko.transport.sftp: [chan 0] open(b'/care_assistance/BCI_a_CAREASSIST/PRODUCCION/VentaCARE_ASSISTANCE_31082023.xlsx', 'rb')
DEB [20230831-16:15:04.011] thr=2   paramiko.transport.sftp: [chan 0] open(b'/care_assistance/BCI_a_CAREASSIST/PRODUCCION/VentaCARE_ASSISTANCE_31082023.xlsx', 'rb') -> 00000000
DEB [20230831-16:15:04.094] thr=2   paramiko.transport.sftp: [chan 0] close(00000000)
INF [20230831-16:15:04.154] thr=2   paramiko.transport.sftp: [chan 0] sftp session closed.
DEB [20230831-16:15:04.155] thr=2   paramiko.transport: [chan 0] EOF sent (0)
DEB [20230831-16:15:04.157] thr=4   paramiko.transport: EOF in transport thread
DEB [20230831-16:21:32.923] thr=5   paramiko.transport: starting thread (client mode): 0x7fe3aac0
DEB [20230831-16:21:32.923] thr=5   paramiko.transport: Local version/idstring: SSH-2.0-paramiko_2.8.1
DEB [20230831-16:21:32.924] thr=5   paramiko.transport: Remote version/idstring: SSH-2.0-OpenSSH_7.4
INF [20230831-16:21:32.924] thr=5   paramiko.transport: Connected (version 2.0, client OpenSSH_7.4)
DEB [20230831-16:21:32.928] thr=5   paramiko.transport: kex algos:['curve25519-sha256', 'curve25519-sha256@libssh.org', 'ecdh-sha2-nistp256', 'ecdh-sha2-nistp384', 'ecdh-sha2-nistp521', 'diffie-hellman-group-exchange-sha256', 'diffie-hellman-group16-sha512', 'diffie-hellman-group18-sha512', 'diffie-hellman-group-exchange-sha1', 'diffie-hellman-group14-sha256', 'diffie-hellman-group14-sha1', 'diffie-hellman-group1-sha1'] server key:['ssh-rsa', 'rsa-sha2-512', 'rsa-sha2-256', 'ecdsa-sha2-nistp256', 'ssh-ed25519'] client encrypt:['chacha20-poly1305@openssh.com', 'aes128-ctr', 'aes192-ctr', 'aes256-ctr', 'aes128-gcm@openssh.com', 'aes256-gcm@openssh.com', 'aes128-cbc', 'aes192-cbc', 'aes256-cbc', 'blowfish-cbc', 'cast128-cbc', '3des-cbc'] server encrypt:['chacha20-poly1305@openssh.com', 'aes128-ctr', 'aes192-ctr', 'aes256-ctr', 'aes128-gcm@openssh.com', 'aes256-gcm@openssh.com', 'aes128-cbc', 'aes192-cbc', 'aes256-cbc', 'blowfish-cbc', 'cast128-cbc', '3des-cbc'] client mac:['umac-64-etm@openssh.com', 'umac-128-etm@openssh.com', 'hmac-sha2-256-etm@openssh.com', 'hmac-sha2-512-etm@openssh.com', 'hmac-sha1-etm@openssh.com', 'umac-64@openssh.com', 'umac-128@openssh.com', 'hmac-sha2-256', 'hmac-sha2-512', 'hmac-sha1'] server mac:['umac-64-etm@openssh.com', 'umac-128-etm@openssh.com', 'hmac-sha2-256-etm@openssh.com', 'hmac-sha2-512-etm@openssh.com', 'hmac-sha1-etm@openssh.com', 'umac-64@openssh.com', 'umac-128@openssh.com', 'hmac-sha2-256', 'hmac-sha2-512', 'hmac-sha1'] client compress:['none', 'zlib@openssh.com'] server compress:['none', 'zlib@openssh.com'] client lang:[''] server lang:[''] kex follows?False
DEB [20230831-16:21:32.928] thr=5   paramiko.transport: Kex agreed: curve25519-sha256@libssh.org
DEB [20230831-16:21:32.928] thr=5   paramiko.transport: HostKey agreed: ssh-ed25519
DEB [20230831-16:21:32.928] thr=5   paramiko.transport: Cipher agreed: aes128-ctr
DEB [20230831-16:21:32.928] thr=5   paramiko.transport: MAC agreed: hmac-sha2-256
DEB [20230831-16:21:32.928] thr=5   paramiko.transport: Compression agreed: none
DEB [20230831-16:21:32.982] thr=5   paramiko.transport: kex engine KexCurve25519 specified hash_algo <built-in function openssl_sha256>
DEB [20230831-16:21:32.982] thr=5   paramiko.transport: Switch to new keys ...
DEB [20230831-16:21:32.983] thr=2   paramiko.transport: Attempting password auth...
DEB [20230831-16:21:33.032] thr=5   paramiko.transport: userauth is OK
INF [20230831-16:21:33.127] thr=5   paramiko.transport: Authentication (password) successful!
DEB [20230831-16:21:33.128] thr=2   paramiko.transport: [chan 0] Max packet in: 32768 bytes
DEB [20230831-16:21:33.140] thr=5   paramiko.transport: Received global request "hostkeys-00@openssh.com"
DEB [20230831-16:21:33.140] thr=5   paramiko.transport: Rejecting "hostkeys-00@openssh.com" global request from server.
DEB [20230831-16:21:33.185] thr=5   paramiko.transport: [chan 0] Max packet out: 32768 bytes
DEB [20230831-16:21:33.186] thr=5   paramiko.transport: Secsh channel 0 opened.
DEB [20230831-16:21:33.191] thr=5   paramiko.transport: [chan 0] Sesch channel 0 request ok
INF [20230831-16:21:33.198] thr=2   paramiko.transport.sftp: [chan 0] Opened sftp connection (server version 3)
DEB [20230831-16:21:33.231] thr=2   paramiko.transport.sftp: [chan 0] stat(b'/care_assistance/BCI_a_CAREASSIST/PRODUCCION/VentaCARE_ASSISTANCE_31082023.xlsx')
DEB [20230831-16:21:33.235] thr=2   paramiko.transport.sftp: [chan 0] open(b'/care_assistance/BCI_a_CAREASSIST/PRODUCCION/VentaCARE_ASSISTANCE_31082023.xlsx', 'rb')
DEB [20230831-16:21:33.238] thr=2   paramiko.transport.sftp: [chan 0] open(b'/care_assistance/BCI_a_CAREASSIST/PRODUCCION/VentaCARE_ASSISTANCE_31082023.xlsx', 'rb') -> 00000000
DEB [20230831-16:21:33.317] thr=2   paramiko.transport.sftp: [chan 0] close(00000000)
INF [20230831-16:21:33.372] thr=2   paramiko.transport.sftp: [chan 0] sftp session closed.
DEB [20230831-16:21:33.373] thr=2   paramiko.transport: [chan 0] EOF sent (0)
DEB [20230831-16:21:33.373] thr=5   paramiko.transport: EOF in transport thread
DEB [20230831-16:21:45.922] thr=6   paramiko.transport: starting thread (client mode): 0x7e3afeb0
DEB [20230831-16:21:45.922] thr=6   paramiko.transport: Local version/idstring: SSH-2.0-paramiko_2.8.1
DEB [20230831-16:21:45.934] thr=6   paramiko.transport: Remote version/idstring: SSH-2.0-OpenSSH_7.4
INF [20230831-16:21:45.935] thr=6   paramiko.transport: Connected (version 2.0, client OpenSSH_7.4)
DEB [20230831-16:21:45.939] thr=6   paramiko.transport: kex algos:['curve25519-sha256', 'curve25519-sha256@libssh.org', 'ecdh-sha2-nistp256', 'ecdh-sha2-nistp384', 'ecdh-sha2-nistp521', 'diffie-hellman-group-exchange-sha256', 'diffie-hellman-group16-sha512', 'diffie-hellman-group18-sha512', 'diffie-hellman-group-exchange-sha1', 'diffie-hellman-group14-sha256', 'diffie-hellman-group14-sha1', 'diffie-hellman-group1-sha1'] server key:['ssh-rsa', 'rsa-sha2-512', 'rsa-sha2-256', 'ecdsa-sha2-nistp256', 'ssh-ed25519'] client encrypt:['chacha20-poly1305@openssh.com', 'aes128-ctr', 'aes192-ctr', 'aes256-ctr', 'aes128-gcm@openssh.com', 'aes256-gcm@openssh.com', 'aes128-cbc', 'aes192-cbc', 'aes256-cbc', 'blowfish-cbc', 'cast128-cbc', '3des-cbc'] server encrypt:['chacha20-poly1305@openssh.com', 'aes128-ctr', 'aes192-ctr', 'aes256-ctr', 'aes128-gcm@openssh.com', 'aes256-gcm@openssh.com', 'aes128-cbc', 'aes192-cbc', 'aes256-cbc', 'blowfish-cbc', 'cast128-cbc', '3des-cbc'] client mac:['umac-64-etm@openssh.com', 'umac-128-etm@openssh.com', 'hmac-sha2-256-etm@openssh.com', 'hmac-sha2-512-etm@openssh.com', 'hmac-sha1-etm@openssh.com', 'umac-64@openssh.com', 'umac-128@openssh.com', 'hmac-sha2-256', 'hmac-sha2-512', 'hmac-sha1'] server mac:['umac-64-etm@openssh.com', 'umac-128-etm@openssh.com', 'hmac-sha2-256-etm@openssh.com', 'hmac-sha2-512-etm@openssh.com', 'hmac-sha1-etm@openssh.com', 'umac-64@openssh.com', 'umac-128@openssh.com', 'hmac-sha2-256', 'hmac-sha2-512', 'hmac-sha1'] client compress:['none', 'zlib@openssh.com'] server compress:['none', 'zlib@openssh.com'] client lang:[''] server lang:[''] kex follows?False
DEB [20230831-16:21:45.940] thr=6   paramiko.transport: Kex agreed: curve25519-sha256@libssh.org
DEB [20230831-16:21:45.940] thr=6   paramiko.transport: HostKey agreed: ssh-ed25519
DEB [20230831-16:21:45.940] thr=6   paramiko.transport: Cipher agreed: aes128-ctr
DEB [20230831-16:21:45.940] thr=6   paramiko.transport: MAC agreed: hmac-sha2-256
DEB [20230831-16:21:45.940] thr=6   paramiko.transport: Compression agreed: none
DEB [20230831-16:21:45.951] thr=6   paramiko.transport: kex engine KexCurve25519 specified hash_algo <built-in function openssl_sha256>
DEB [20230831-16:21:45.951] thr=6   paramiko.transport: Switch to new keys ...
DEB [20230831-16:21:45.951] thr=2   paramiko.transport: Attempting password auth...
DEB [20230831-16:21:45.997] thr=6   paramiko.transport: userauth is OK
INF [20230831-16:21:46.031] thr=6   paramiko.transport: Authentication (password) successful!
DEB [20230831-16:21:46.031] thr=2   paramiko.transport: [chan 0] Max packet in: 32768 bytes
DEB [20230831-16:21:46.039] thr=6   paramiko.transport: Received global request "hostkeys-00@openssh.com"
DEB [20230831-16:21:46.039] thr=6   paramiko.transport: Rejecting "hostkeys-00@openssh.com" global request from server.
DEB [20230831-16:21:46.094] thr=6   paramiko.transport: [chan 0] Max packet out: 32768 bytes
DEB [20230831-16:21:46.094] thr=6   paramiko.transport: Secsh channel 0 opened.
DEB [20230831-16:21:46.100] thr=6   paramiko.transport: [chan 0] Sesch channel 0 request ok
INF [20230831-16:21:46.105] thr=2   paramiko.transport.sftp: [chan 0] Opened sftp connection (server version 3)
DEB [20230831-16:21:46.151] thr=2   paramiko.transport.sftp: [chan 0] stat(b'/care_assistance/BCI_a_CAREASSIST/PRODUCCION/VentaCARE_ASSISTANCE_31082023.xlsx')
DEB [20230831-16:21:46.155] thr=2   paramiko.transport.sftp: [chan 0] open(b'/care_assistance/BCI_a_CAREASSIST/PRODUCCION/VentaCARE_ASSISTANCE_31082023.xlsx', 'rb')
DEB [20230831-16:21:46.158] thr=2   paramiko.transport.sftp: [chan 0] open(b'/care_assistance/BCI_a_CAREASSIST/PRODUCCION/VentaCARE_ASSISTANCE_31082023.xlsx', 'rb') -> 00000000
DEB [20230831-16:21:46.243] thr=2   paramiko.transport.sftp: [chan 0] close(00000000)
INF [20230831-16:21:46.297] thr=2   paramiko.transport.sftp: [chan 0] sftp session closed.
DEB [20230831-16:21:46.298] thr=2   paramiko.transport: [chan 0] EOF sent (0)
DEB [20230831-16:21:46.299] thr=6   paramiko.transport: EOF in transport thread
DEB [20230831-16:23:56.692] thr=7   paramiko.transport: starting thread (client mode): 0x7fe35d30
DEB [20230831-16:23:56.693] thr=7   paramiko.transport: Local version/idstring: SSH-2.0-paramiko_2.8.1
DEB [20230831-16:23:56.704] thr=7   paramiko.transport: Remote version/idstring: SSH-2.0-OpenSSH_7.4
INF [20230831-16:23:56.704] thr=7   paramiko.transport: Connected (version 2.0, client OpenSSH_7.4)
DEB [20230831-16:23:56.708] thr=7   paramiko.transport: kex algos:['curve25519-sha256', 'curve25519-sha256@libssh.org', 'ecdh-sha2-nistp256', 'ecdh-sha2-nistp384', 'ecdh-sha2-nistp521', 'diffie-hellman-group-exchange-sha256', 'diffie-hellman-group16-sha512', 'diffie-hellman-group18-sha512', 'diffie-hellman-group-exchange-sha1', 'diffie-hellman-group14-sha256', 'diffie-hellman-group14-sha1', 'diffie-hellman-group1-sha1'] server key:['ssh-rsa', 'rsa-sha2-512', 'rsa-sha2-256', 'ecdsa-sha2-nistp256', 'ssh-ed25519'] client encrypt:['chacha20-poly1305@openssh.com', 'aes128-ctr', 'aes192-ctr', 'aes256-ctr', 'aes128-gcm@openssh.com', 'aes256-gcm@openssh.com', 'aes128-cbc', 'aes192-cbc', 'aes256-cbc', 'blowfish-cbc', 'cast128-cbc', '3des-cbc'] server encrypt:['chacha20-poly1305@openssh.com', 'aes128-ctr', 'aes192-ctr', 'aes256-ctr', 'aes128-gcm@openssh.com', 'aes256-gcm@openssh.com', 'aes128-cbc', 'aes192-cbc', 'aes256-cbc', 'blowfish-cbc', 'cast128-cbc', '3des-cbc'] client mac:['umac-64-etm@openssh.com', 'umac-128-etm@openssh.com', 'hmac-sha2-256-etm@openssh.com', 'hmac-sha2-512-etm@openssh.com', 'hmac-sha1-etm@openssh.com', 'umac-64@openssh.com', 'umac-128@openssh.com', 'hmac-sha2-256', 'hmac-sha2-512', 'hmac-sha1'] server mac:['umac-64-etm@openssh.com', 'umac-128-etm@openssh.com', 'hmac-sha2-256-etm@openssh.com', 'hmac-sha2-512-etm@openssh.com', 'hmac-sha1-etm@openssh.com', 'umac-64@openssh.com', 'umac-128@openssh.com', 'hmac-sha2-256', 'hmac-sha2-512', 'hmac-sha1'] client compress:['none', 'zlib@openssh.com'] server compress:['none', 'zlib@openssh.com'] client lang:[''] server lang:[''] kex follows?False
DEB [20230831-16:23:56.709] thr=7   paramiko.transport: Kex agreed: curve25519-sha256@libssh.org
DEB [20230831-16:23:56.709] thr=7   paramiko.transport: HostKey agreed: ssh-ed25519
DEB [20230831-16:23:56.709] thr=7   paramiko.transport: Cipher agreed: aes128-ctr
DEB [20230831-16:23:56.709] thr=7   paramiko.transport: MAC agreed: hmac-sha2-256
DEB [20230831-16:23:56.709] thr=7   paramiko.transport: Compression agreed: none
DEB [20230831-16:23:56.721] thr=7   paramiko.transport: kex engine KexCurve25519 specified hash_algo <built-in function openssl_sha256>
DEB [20230831-16:23:56.721] thr=7   paramiko.transport: Switch to new keys ...
DEB [20230831-16:23:56.722] thr=2   paramiko.transport: Attempting password auth...
DEB [20230831-16:23:56.771] thr=7   paramiko.transport: userauth is OK
INF [20230831-16:23:56.811] thr=7   paramiko.transport: Authentication (password) successful!
DEB [20230831-16:23:56.811] thr=2   paramiko.transport: [chan 0] Max packet in: 32768 bytes
DEB [20230831-16:23:56.819] thr=7   paramiko.transport: Received global request "hostkeys-00@openssh.com"
DEB [20230831-16:23:56.820] thr=7   paramiko.transport: Rejecting "hostkeys-00@openssh.com" global request from server.
DEB [20230831-16:23:56.866] thr=7   paramiko.transport: [chan 0] Max packet out: 32768 bytes
DEB [20230831-16:23:56.867] thr=7   paramiko.transport: Secsh channel 0 opened.
DEB [20230831-16:23:56.877] thr=7   paramiko.transport: [chan 0] Sesch channel 0 request ok
INF [20230831-16:23:56.889] thr=2   paramiko.transport.sftp: [chan 0] Opened sftp connection (server version 3)
DEB [20230831-16:23:56.916] thr=2   paramiko.transport.sftp: [chan 0] stat(b'/care_assistance/BCI_a_CAREASSIST/PRODUCCION/VentaCARE_ASSISTANCE_31082023.xlsx')
DEB [20230831-16:23:56.921] thr=2   paramiko.transport.sftp: [chan 0] open(b'/care_assistance/BCI_a_CAREASSIST/PRODUCCION/VentaCARE_ASSISTANCE_31082023.xlsx', 'rb')
DEB [20230831-16:23:56.929] thr=2   paramiko.transport.sftp: [chan 0] open(b'/care_assistance/BCI_a_CAREASSIST/PRODUCCION/VentaCARE_ASSISTANCE_31082023.xlsx', 'rb') -> 00000000
DEB [20230831-16:23:57.016] thr=2   paramiko.transport.sftp: [chan 0] close(00000000)
INF [20230831-16:23:57.064] thr=2   paramiko.transport.sftp: [chan 0] sftp session closed.
DEB [20230831-16:23:57.064] thr=2   paramiko.transport: [chan 0] EOF sent (0)
DEB [20230831-16:23:57.067] thr=7   paramiko.transport: EOF in transport thread
